Started GET "/page/home" for ::1 at 2019-11-03 02:34:28 +0100
  [1m[35m (15.2ms)[0m  [1m[34mSELECT sqlite_version(*)[0m
  
NoMethodError (undefined method `make_response!' for PageController:Class):
  
actionpack (6.0.0) lib/action_dispatch/routing/route_set.rb:32:in `serve'
actionpack (6.0.0) lib/action_dispatch/journey/router.rb:49:in `block in serve'
actionpack (6.0.0) lib/action_dispatch/journey/router.rb:32:in `each'
actionpack (6.0.0) lib/action_dispatch/journey/router.rb:32:in `serve'
actionpack (6.0.0) lib/action_dispatch/routing/route_set.rb:837:in `call'
rack (2.0.7) lib/rack/tempfile_reaper.rb:15:in `call'
rack (2.0.7) lib/rack/etag.rb:25:in `call'
rack (2.0.7) lib/rack/conditional_get.rb:25:in `call'
rack (2.0.7) lib/rack/head.rb:12:in `call'
actionpack (6.0.0) lib/action_dispatch/http/content_security_policy.rb:18:in `call'
rack (2.0.7) lib/rack/session/abstract/id.rb:232:in `context'
rack (2.0.7) lib/rack/session/abstract/id.rb:226:in `call'
actionpack (6.0.0) lib/action_dispatch/middleware/cookies.rb:648:in `call'
activerecord (6.0.0) lib/active_record/migration.rb:567:in `call'
actionpack (6.0.0) lib/action_dispatch/middleware/callbacks.rb:27:in `block in call'
activesupport (6.0.0) lib/active_support/callbacks.rb:101:in `run_callbacks'
actionpack (6.0.0) lib/action_dispatch/middleware/callbacks.rb:26:in `call'
actionpack (6.0.0) lib/action_dispatch/middleware/executor.rb:14:in `call'
actionpack (6.0.0) lib/action_dispatch/middleware/actionable_exceptions.rb:17:in `call'
actionpack (6.0.0) lib/action_dispatch/middleware/debug_exceptions.rb:32:in `call'
web-console (4.0.1) lib/web_console/middleware.rb:132:in `call_app'
web-console (4.0.1) lib/web_console/middleware.rb:28:in `block in call'
web-console (4.0.1) lib/web_console/middleware.rb:17:in `catch'
web-console (4.0.1) lib/web_console/middleware.rb:17:in `call'
actionpack (6.0.0) lib/action_dispatch/middleware/show_exceptions.rb:33:in `call'
railties (6.0.0) lib/rails/rack/logger.rb:38:in `call_app'
railties (6.0.0) lib/rails/rack/logger.rb:26:in `block in call'
activesupport (6.0.0) lib/active_support/tagged_logging.rb:80:in `block in tagged'
activesupport (6.0.0) lib/active_support/tagged_logging.rb:28:in `tagged'
activesupport (6.0.0) lib/active_support/tagged_logging.rb:80:in `tagged'
railties (6.0.0) lib/rails/rack/logger.rb:26:in `call'
sprockets-rails (3.2.1) lib/sprockets/rails/quiet_assets.rb:13:in `call'
actionpack (6.0.0) lib/action_dispatch/middleware/remote_ip.rb:81:in `call'
actionpack (6.0.0) lib/action_dispatch/middleware/request_id.rb:27:in `call'
rack (2.0.7) lib/rack/method_override.rb:22:in `call'
rack (2.0.7) lib/rack/runtime.rb:22:in `call'
activesupport (6.0.0) lib/active_support/cache/strategy/local_cache_middleware.rb:29:in `call'
actionpack (6.0.0) lib/action_dispatch/middleware/executor.rb:14:in `call'
actionpack (6.0.0) lib/action_dispatch/middleware/static.rb:126:in `call'
rack (2.0.7) lib/rack/sendfile.rb:111:in `call'
actionpack (6.0.0) lib/action_dispatch/middleware/host_authorization.rb:83:in `call'
webpacker (4.0.7) lib/webpacker/dev_server_proxy.rb:29:in `perform_request'
rack-proxy (0.6.5) lib/rack/proxy.rb:57:in `call'
railties (6.0.0) lib/rails/engine.rb:526:in `call'
puma (3.12.1) lib/puma/configuration.rb:227:in `call'
puma (3.12.1) lib/puma/server.rb:660:in `handle_request'
puma (3.12.1) lib/puma/server.rb:474:in `process_client'
puma (3.12.1) lib/puma/server.rb:334:in `block in run'
puma (3.12.1) lib/puma/thread_pool.rb:135:in `block in spawn_thread'
Started GET "/page/home" for ::1 at 2019-11-03 02:35:28 +0100
  [1m[35m (0.2ms)[0m  [1m[34mSELECT sqlite_version(*)[0m
  
ActionController::RoutingError (uninitialized constant ApllicationController
Did you mean?  ApplicationController):
  
app/controllers/page_controller.rb:3:in `<main>'
Started GET "/page/home" for ::1 at 2019-11-03 02:35:43 +0100
  [1m[35m (0.2ms)[0m  [1m[34mSELECT sqlite_version(*)[0m
Processing by PageController#home as HTML
Completed 406 Not Acceptable in 12ms (ActiveRecord: 0.0ms | Allocations: 1976)


  
ActionController::MissingExactTemplate (PageController#home is missing a template for request formats: text/html):
  
actionpack (6.0.0) lib/action_controller/metal/implicit_render.rb:45:in `default_render'
actionpack (6.0.0) lib/action_controller/metal/basic_implicit_render.rb:6:in `block in send_action'
actionpack (6.0.0) lib/action_controller/metal/basic_implicit_render.rb:6:in `tap'
actionpack (6.0.0) lib/action_controller/metal/basic_implicit_render.rb:6:in `send_action'
actionpack (6.0.0) lib/abstract_controller/base.rb:196:in `process_action'
actionpack (6.0.0) lib/action_controller/metal/rendering.rb:30:in `process_action'
actionpack (6.0.0) lib/abstract_controller/callbacks.rb:42:in `block in process_action'
activesupport (6.0.0) lib/active_support/callbacks.rb:135:in `run_callbacks'
actionpack (6.0.0) lib/abstract_controller/callbacks.rb:41:in `process_action'
actionpack (6.0.0) lib/action_controller/metal/rescue.rb:22:in `process_action'
actionpack (6.0.0) lib/action_controller/metal/instrumentation.rb:33:in `block in process_action'
activesupport (6.0.0) lib/active_support/notifications.rb:180:in `block in instrument'
activesupport (6.0.0) lib/active_support/notifications/instrumenter.rb:24:in `instrument'
activesupport (6.0.0) lib/active_support/notifications.rb:180:in `instrument'
actionpack (6.0.0) lib/action_controller/metal/instrumentation.rb:32:in `process_action'
actionpack (6.0.0) lib/action_controller/metal/params_wrapper.rb:245:in `process_action'
activerecord (6.0.0) lib/active_record/railties/controller_runtime.rb:27:in `process_action'
actionpack (6.0.0) lib/abstract_controller/base.rb:136:in `process'
actionview (6.0.0) lib/action_view/rendering.rb:39:in `process'
actionpack (6.0.0) lib/action_controller/metal.rb:191:in `dispatch'
actionpack (6.0.0) lib/action_controller/metal.rb:252:in `dispatch'
actionpack (6.0.0) lib/action_dispatch/routing/route_set.rb:51:in `dispatch'
actionpack (6.0.0) lib/action_dispatch/routing/route_set.rb:33:in `serve'
actionpack (6.0.0) lib/action_dispatch/journey/router.rb:49:in `block in serve'
actionpack (6.0.0) lib/action_dispatch/journey/router.rb:32:in `each'
actionpack (6.0.0) lib/action_dispatch/journey/router.rb:32:in `serve'
actionpack (6.0.0) lib/action_dispatch/routing/route_set.rb:837:in `call'
rack (2.0.7) lib/rack/tempfile_reaper.rb:15:in `call'
rack (2.0.7) lib/rack/etag.rb:25:in `call'
rack (2.0.7) lib/rack/conditional_get.rb:25:in `call'
rack (2.0.7) lib/rack/head.rb:12:in `call'
actionpack (6.0.0) lib/action_dispatch/http/content_security_policy.rb:18:in `call'
rack (2.0.7) lib/rack/session/abstract/id.rb:232:in `context'
rack (2.0.7) lib/rack/session/abstract/id.rb:226:in `call'
actionpack (6.0.0) lib/action_dispatch/middleware/cookies.rb:648:in `call'
activerecord (6.0.0) lib/active_record/migration.rb:567:in `call'
actionpack (6.0.0) lib/action_dispatch/middleware/callbacks.rb:27:in `block in call'
activesupport (6.0.0) lib/active_support/callbacks.rb:101:in `run_callbacks'
actionpack (6.0.0) lib/action_dispatch/middleware/callbacks.rb:26:in `call'
actionpack (6.0.0) lib/action_dispatch/middleware/executor.rb:14:in `call'
actionpack (6.0.0) lib/action_dispatch/middleware/actionable_exceptions.rb:17:in `call'
actionpack (6.0.0) lib/action_dispatch/middleware/debug_exceptions.rb:32:in `call'
web-console (4.0.1) lib/web_console/middleware.rb:132:in `call_app'
web-console (4.0.1) lib/web_console/middleware.rb:28:in `block in call'
web-console (4.0.1) lib/web_console/middleware.rb:17:in `catch'
web-console (4.0.1) lib/web_console/middleware.rb:17:in `call'
actionpack (6.0.0) lib/action_dispatch/middleware/show_exceptions.rb:33:in `call'
railties (6.0.0) lib/rails/rack/logger.rb:38:in `call_app'
railties (6.0.0) lib/rails/rack/logger.rb:26:in `block in call'
activesupport (6.0.0) lib/active_support/tagged_logging.rb:80:in `block in tagged'
activesupport (6.0.0) lib/active_support/tagged_logging.rb:28:in `tagged'
activesupport (6.0.0) lib/active_support/tagged_logging.rb:80:in `tagged'
railties (6.0.0) lib/rails/rack/logger.rb:26:in `call'
sprockets-rails (3.2.1) lib/sprockets/rails/quiet_assets.rb:13:in `call'
actionpack (6.0.0) lib/action_dispatch/middleware/remote_ip.rb:81:in `call'
actionpack (6.0.0) lib/action_dispatch/middleware/request_id.rb:27:in `call'
rack (2.0.7) lib/rack/method_override.rb:22:in `call'
rack (2.0.7) lib/rack/runtime.rb:22:in `call'
activesupport (6.0.0) lib/active_support/cache/strategy/local_cache_middleware.rb:29:in `call'
actionpack (6.0.0) lib/action_dispatch/middleware/executor.rb:14:in `call'
actionpack (6.0.0) lib/action_dispatch/middleware/static.rb:126:in `call'
rack (2.0.7) lib/rack/sendfile.rb:111:in `call'
actionpack (6.0.0) lib/action_dispatch/middleware/host_authorization.rb:83:in `call'
webpacker (4.0.7) lib/webpacker/dev_server_proxy.rb:29:in `perform_request'
rack-proxy (0.6.5) lib/rack/proxy.rb:57:in `call'
railties (6.0.0) lib/rails/engine.rb:526:in `call'
puma (3.12.1) lib/puma/configuration.rb:227:in `call'
puma (3.12.1) lib/puma/server.rb:660:in `handle_request'
puma (3.12.1) lib/puma/server.rb:474:in `process_client'
puma (3.12.1) lib/puma/server.rb:334:in `block in run'
puma (3.12.1) lib/puma/thread_pool.rb:135:in `block in spawn_thread'
Started GET "/page/home" for ::1 at 2019-11-03 02:37:33 +0100
Processing by PageController#home as HTML
Completed 406 Not Acceptable in 8ms (ActiveRecord: 0.0ms | Allocations: 1933)


  
ActionController::MissingExactTemplate (PageController#home is missing a template for request formats: text/html):
  
actionpack (6.0.0) lib/action_controller/metal/implicit_render.rb:45:in `default_render'
actionpack (6.0.0) lib/action_controller/metal/basic_implicit_render.rb:6:in `block in send_action'
actionpack (6.0.0) lib/action_controller/metal/basic_implicit_render.rb:6:in `tap'
actionpack (6.0.0) lib/action_controller/metal/basic_implicit_render.rb:6:in `send_action'
actionpack (6.0.0) lib/abstract_controller/base.rb:196:in `process_action'
actionpack (6.0.0) lib/action_controller/metal/rendering.rb:30:in `process_action'
actionpack (6.0.0) lib/abstract_controller/callbacks.rb:42:in `block in process_action'
activesupport (6.0.0) lib/active_support/callbacks.rb:135:in `run_callbacks'
actionpack (6.0.0) lib/abstract_controller/callbacks.rb:41:in `process_action'
actionpack (6.0.0) lib/action_controller/metal/rescue.rb:22:in `process_action'
actionpack (6.0.0) lib/action_controller/metal/instrumentation.rb:33:in `block in process_action'
activesupport (6.0.0) lib/active_support/notifications.rb:180:in `block in instrument'
activesupport (6.0.0) lib/active_support/notifications/instrumenter.rb:24:in `instrument'
activesupport (6.0.0) lib/active_support/notifications.rb:180:in `instrument'
actionpack (6.0.0) lib/action_controller/metal/instrumentation.rb:32:in `process_action'
actionpack (6.0.0) lib/action_controller/metal/params_wrapper.rb:245:in `process_action'
activerecord (6.0.0) lib/active_record/railties/controller_runtime.rb:27:in `process_action'
actionpack (6.0.0) lib/abstract_controller/base.rb:136:in `process'
actionview (6.0.0) lib/action_view/rendering.rb:39:in `process'
actionpack (6.0.0) lib/action_controller/metal.rb:191:in `dispatch'
actionpack (6.0.0) lib/action_controller/metal.rb:252:in `dispatch'
actionpack (6.0.0) lib/action_dispatch/routing/route_set.rb:51:in `dispatch'
actionpack (6.0.0) lib/action_dispatch/routing/route_set.rb:33:in `serve'
actionpack (6.0.0) lib/action_dispatch/journey/router.rb:49:in `block in serve'
actionpack (6.0.0) lib/action_dispatch/journey/router.rb:32:in `each'
actionpack (6.0.0) lib/action_dispatch/journey/router.rb:32:in `serve'
actionpack (6.0.0) lib/action_dispatch/routing/route_set.rb:837:in `call'
rack (2.0.7) lib/rack/tempfile_reaper.rb:15:in `call'
rack (2.0.7) lib/rack/etag.rb:25:in `call'
rack (2.0.7) lib/rack/conditional_get.rb:25:in `call'
rack (2.0.7) lib/rack/head.rb:12:in `call'
actionpack (6.0.0) lib/action_dispatch/http/content_security_policy.rb:18:in `call'
rack (2.0.7) lib/rack/session/abstract/id.rb:232:in `context'
rack (2.0.7) lib/rack/session/abstract/id.rb:226:in `call'
actionpack (6.0.0) lib/action_dispatch/middleware/cookies.rb:648:in `call'
activerecord (6.0.0) lib/active_record/migration.rb:567:in `call'
actionpack (6.0.0) lib/action_dispatch/middleware/callbacks.rb:27:in `block in call'
activesupport (6.0.0) lib/active_support/callbacks.rb:101:in `run_callbacks'
actionpack (6.0.0) lib/action_dispatch/middleware/callbacks.rb:26:in `call'
actionpack (6.0.0) lib/action_dispatch/middleware/executor.rb:14:in `call'
actionpack (6.0.0) lib/action_dispatch/middleware/actionable_exceptions.rb:17:in `call'
actionpack (6.0.0) lib/action_dispatch/middleware/debug_exceptions.rb:32:in `call'
web-console (4.0.1) lib/web_console/middleware.rb:132:in `call_app'
web-console (4.0.1) lib/web_console/middleware.rb:28:in `block in call'
web-console (4.0.1) lib/web_console/middleware.rb:17:in `catch'
web-console (4.0.1) lib/web_console/middleware.rb:17:in `call'
actionpack (6.0.0) lib/action_dispatch/middleware/show_exceptions.rb:33:in `call'
railties (6.0.0) lib/rails/rack/logger.rb:38:in `call_app'
railties (6.0.0) lib/rails/rack/logger.rb:26:in `block in call'
activesupport (6.0.0) lib/active_support/tagged_logging.rb:80:in `block in tagged'
activesupport (6.0.0) lib/active_support/tagged_logging.rb:28:in `tagged'
activesupport (6.0.0) lib/active_support/tagged_logging.rb:80:in `tagged'
railties (6.0.0) lib/rails/rack/logger.rb:26:in `call'
sprockets-rails (3.2.1) lib/sprockets/rails/quiet_assets.rb:13:in `call'
actionpack (6.0.0) lib/action_dispatch/middleware/remote_ip.rb:81:in `call'
actionpack (6.0.0) lib/action_dispatch/middleware/request_id.rb:27:in `call'
rack (2.0.7) lib/rack/method_override.rb:22:in `call'
rack (2.0.7) lib/rack/runtime.rb:22:in `call'
activesupport (6.0.0) lib/active_support/cache/strategy/local_cache_middleware.rb:29:in `call'
actionpack (6.0.0) lib/action_dispatch/middleware/executor.rb:14:in `call'
actionpack (6.0.0) lib/action_dispatch/middleware/static.rb:126:in `call'
rack (2.0.7) lib/rack/sendfile.rb:111:in `call'
actionpack (6.0.0) lib/action_dispatch/middleware/host_authorization.rb:83:in `call'
webpacker (4.0.7) lib/webpacker/dev_server_proxy.rb:29:in `perform_request'
rack-proxy (0.6.5) lib/rack/proxy.rb:57:in `call'
railties (6.0.0) lib/rails/engine.rb:526:in `call'
puma (3.12.1) lib/puma/configuration.rb:227:in `call'
puma (3.12.1) lib/puma/server.rb:660:in `handle_request'
puma (3.12.1) lib/puma/server.rb:474:in `process_client'
puma (3.12.1) lib/puma/server.rb:334:in `block in run'
puma (3.12.1) lib/puma/thread_pool.rb:135:in `block in spawn_thread'
Started GET "/page/home" for ::1 at 2019-11-03 02:37:58 +0100
  [1m[35m (0.2ms)[0m  [1m[34mSELECT sqlite_version(*)[0m
  
AbstractController::ActionNotFound (The action 'home' could not be found for PageController):
  
actionpack (6.0.0) lib/abstract_controller/base.rb:131:in `process'
actionview (6.0.0) lib/action_view/rendering.rb:39:in `process'
actionpack (6.0.0) lib/action_controller/metal.rb:191:in `dispatch'
actionpack (6.0.0) lib/action_controller/metal.rb:252:in `dispatch'
actionpack (6.0.0) lib/action_dispatch/routing/route_set.rb:51:in `dispatch'
actionpack (6.0.0) lib/action_dispatch/routing/route_set.rb:33:in `serve'
actionpack (6.0.0) lib/action_dispatch/journey/router.rb:49:in `block in serve'
actionpack (6.0.0) lib/action_dispatch/journey/router.rb:32:in `each'
actionpack (6.0.0) lib/action_dispatch/journey/router.rb:32:in `serve'
actionpack (6.0.0) lib/action_dispatch/routing/route_set.rb:837:in `call'
rack (2.0.7) lib/rack/tempfile_reaper.rb:15:in `call'
rack (2.0.7) lib/rack/etag.rb:25:in `call'
rack (2.0.7) lib/rack/conditional_get.rb:25:in `call'
rack (2.0.7) lib/rack/head.rb:12:in `call'
actionpack (6.0.0) lib/action_dispatch/http/content_security_policy.rb:18:in `call'
rack (2.0.7) lib/rack/session/abstract/id.rb:232:in `context'
rack (2.0.7) lib/rack/session/abstract/id.rb:226:in `call'
actionpack (6.0.0) lib/action_dispatch/middleware/cookies.rb:648:in `call'
activerecord (6.0.0) lib/active_record/migration.rb:567:in `call'
actionpack (6.0.0) lib/action_dispatch/middleware/callbacks.rb:27:in `block in call'
activesupport (6.0.0) lib/active_support/callbacks.rb:101:in `run_callbacks'
actionpack (6.0.0) lib/action_dispatch/middleware/callbacks.rb:26:in `call'
actionpack (6.0.0) lib/action_dispatch/middleware/executor.rb:14:in `call'
actionpack (6.0.0) lib/action_dispatch/middleware/actionable_exceptions.rb:17:in `call'
actionpack (6.0.0) lib/action_dispatch/middleware/debug_exceptions.rb:32:in `call'
web-console (4.0.1) lib/web_console/middleware.rb:132:in `call_app'
web-console (4.0.1) lib/web_console/middleware.rb:28:in `block in call'
web-console (4.0.1) lib/web_console/middleware.rb:17:in `catch'
web-console (4.0.1) lib/web_console/middleware.rb:17:in `call'
actionpack (6.0.0) lib/action_dispatch/middleware/show_exceptions.rb:33:in `call'
railties (6.0.0) lib/rails/rack/logger.rb:38:in `call_app'
railties (6.0.0) lib/rails/rack/logger.rb:26:in `block in call'
activesupport (6.0.0) lib/active_support/tagged_logging.rb:80:in `block in tagged'
activesupport (6.0.0) lib/active_support/tagged_logging.rb:28:in `tagged'
activesupport (6.0.0) lib/active_support/tagged_logging.rb:80:in `tagged'
railties (6.0.0) lib/rails/rack/logger.rb:26:in `call'
sprockets-rails (3.2.1) lib/sprockets/rails/quiet_assets.rb:13:in `call'
actionpack (6.0.0) lib/action_dispatch/middleware/remote_ip.rb:81:in `call'
actionpack (6.0.0) lib/action_dispatch/middleware/request_id.rb:27:in `call'
rack (2.0.7) lib/rack/method_override.rb:22:in `call'
rack (2.0.7) lib/rack/runtime.rb:22:in `call'
activesupport (6.0.0) lib/active_support/cache/strategy/local_cache_middleware.rb:29:in `call'
actionpack (6.0.0) lib/action_dispatch/middleware/executor.rb:14:in `call'
actionpack (6.0.0) lib/action_dispatch/middleware/static.rb:126:in `call'
rack (2.0.7) lib/rack/sendfile.rb:111:in `call'
actionpack (6.0.0) lib/action_dispatch/middleware/host_authorization.rb:83:in `call'
webpacker (4.0.7) lib/webpacker/dev_server_proxy.rb:29:in `perform_request'
rack-proxy (0.6.5) lib/rack/proxy.rb:57:in `call'
railties (6.0.0) lib/rails/engine.rb:526:in `call'
puma (3.12.1) lib/puma/configuration.rb:227:in `call'
puma (3.12.1) lib/puma/server.rb:660:in `handle_request'
puma (3.12.1) lib/puma/server.rb:474:in `process_client'
puma (3.12.1) lib/puma/server.rb:334:in `block in run'
puma (3.12.1) lib/puma/thread_pool.rb:135:in `block in spawn_thread'
Started GET "/page/home" for ::1 at 2019-11-03 02:38:36 +0100
  [1m[35m (0.2ms)[0m  [1m[34mSELECT sqlite_version(*)[0m
Processing by PageController#home as HTML
  Rendering page/home.html.erb within layouts/application
  Rendered page/home.html.erb within layouts/application (Duration: 1.2ms | Allocations: 162)
[Webpacker] Compiling…
[Webpacker] Compiled all packs in /home/codepoet/Documents/learning ruby/Rails_project/alpha-blog/public/packs
Completed 200 OK in 24153ms (Views: 24150.4ms | ActiveRecord: 0.0ms | Allocations: 1255600)


Started GET "/page/about" for ::1 at 2019-11-03 02:39:05 +0100
Processing by PageController#about as HTML
  Rendering page/about.html.erb within layouts/application
  Rendered page/about.html.erb within layouts/application (Duration: 1.1ms | Allocations: 156)
Completed 200 OK in 27ms (Views: 23.5ms | ActiveRecord: 0.0ms | Allocations: 4150)


Started GET "/page/about" for ::1 at 2019-11-03 02:39:08 +0100
Processing by PageController#about as HTML
  Rendering page/about.html.erb within layouts/application
  Rendered page/about.html.erb within layouts/application (Duration: 0.4ms | Allocations: 48)
Completed 200 OK in 99ms (Views: 95.8ms | ActiveRecord: 0.0ms | Allocations: 3899)


Started GET "/page/about" for ::1 at 2019-11-03 02:39:13 +0100
Processing by PageController#about as HTML
  Rendering page/about.html.erb within layouts/application
  Rendered page/about.html.erb within layouts/application (Duration: 0.4ms | Allocations: 49)
Completed 200 OK in 28ms (Views: 24.9ms | ActiveRecord: 0.0ms | Allocations: 3901)


Started GET "/page/about" for ::1 at 2019-11-03 02:39:15 +0100
Processing by PageController#about as HTML
  Rendering page/about.html.erb within layouts/application
  Rendered page/about.html.erb within layouts/application (Duration: 0.3ms | Allocations: 48)
Completed 200 OK in 38ms (Views: 36.9ms | ActiveRecord: 0.0ms | Allocations: 3893)


Started GET "/page/about" for ::1 at 2019-11-03 02:39:16 +0100
Processing by PageController#about as HTML
  Rendering page/about.html.erb within layouts/application
  Rendered page/about.html.erb within layouts/application (Duration: 0.4ms | Allocations: 48)
Completed 200 OK in 29ms (Views: 27.6ms | ActiveRecord: 0.0ms | Allocations: 3899)


Started GET "/page/about" for ::1 at 2019-11-03 02:39:17 +0100
Processing by PageController#about as HTML
  Rendering page/about.html.erb within layouts/application
  Rendered page/about.html.erb within layouts/application (Duration: 0.4ms | Allocations: 48)
Completed 200 OK in 25ms (Views: 21.1ms | ActiveRecord: 0.0ms | Allocations: 3888)


Started GET "/page/about" for ::1 at 2019-11-03 02:39:39 +0100
Processing by PageController#about as HTML
  Rendering page/about.html.erb within layouts/application
  Rendered page/about.html.erb within layouts/application (Duration: 1.2ms | Allocations: 151)
Completed 200 OK in 54ms (Views: 52.0ms | ActiveRecord: 0.0ms | Allocations: 4927)


Started GET "/page/home" for ::1 at 2019-11-03 02:39:42 +0100
Processing by PageController#home as HTML
  Rendering page/home.html.erb within layouts/application
  Rendered page/home.html.erb within layouts/application (Duration: 1.1ms | Allocations: 144)
Completed 200 OK in 36ms (Views: 30.5ms | ActiveRecord: 0.0ms | Allocations: 4128)


Started GET "/page/about" for ::1 at 2019-11-03 02:39:44 +0100
Processing by PageController#about as HTML
  Rendering page/about.html.erb within layouts/application
  Rendered page/about.html.erb within layouts/application (Duration: 0.5ms | Allocations: 49)
Completed 200 OK in 22ms (Views: 19.3ms | ActiveRecord: 0.0ms | Allocations: 3886)


Started GET "/page/home" for ::1 at 2019-11-03 02:39:45 +0100
Processing by PageController#home as HTML
  Rendering page/home.html.erb within layouts/application
  Rendered page/home.html.erb within layouts/application (Duration: 0.4ms | Allocations: 48)
Completed 200 OK in 31ms (Views: 26.1ms | ActiveRecord: 0.0ms | Allocations: 3892)


Started GET "/page/about" for ::1 at 2019-11-03 02:39:46 +0100
Processing by PageController#about as HTML
  Rendering page/about.html.erb within layouts/application
  Rendered page/about.html.erb within layouts/application (Duration: 0.5ms | Allocations: 48)
Completed 200 OK in 36ms (Views: 32.5ms | ActiveRecord: 0.0ms | Allocations: 3886)


Started GET "/page/home" for ::1 at 2019-11-03 02:39:48 +0100
Processing by PageController#home as HTML
  Rendering page/home.html.erb within layouts/application
  Rendered page/home.html.erb within layouts/application (Duration: 0.5ms | Allocations: 48)
Completed 200 OK in 39ms (Views: 37.9ms | ActiveRecord: 0.0ms | Allocations: 3887)


Started GET "/page/about" for ::1 at 2019-11-03 02:39:49 +0100
Processing by PageController#about as HTML
  Rendering page/about.html.erb within layouts/application
  Rendered page/about.html.erb within layouts/application (Duration: 0.4ms | Allocations: 48)
Completed 200 OK in 25ms (Views: 21.6ms | ActiveRecord: 0.0ms | Allocations: 3891)


Started GET "/page/home" for ::1 at 2019-11-03 02:39:50 +0100
Processing by PageController#home as HTML
  Rendering page/home.html.erb within layouts/application
  Rendered page/home.html.erb within layouts/application (Duration: 0.4ms | Allocations: 48)
Completed 200 OK in 26ms (Views: 25.0ms | ActiveRecord: 0.0ms | Allocations: 3889)


Started GET "/page/about" for ::1 at 2019-11-03 02:39:51 +0100
Processing by PageController#about as HTML
  Rendering page/about.html.erb within layouts/application
  Rendered page/about.html.erb within layouts/application (Duration: 0.5ms | Allocations: 48)
Completed 200 OK in 35ms (Views: 30.8ms | ActiveRecord: 0.0ms | Allocations: 3883)


Started GET "/page/home" for ::1 at 2019-11-03 02:39:52 +0100
Processing by PageController#home as HTML
  Rendering page/home.html.erb within layouts/application
  Rendered page/home.html.erb within layouts/application (Duration: 0.4ms | Allocations: 48)
Completed 200 OK in 33ms (Views: 32.0ms | ActiveRecord: 0.0ms | Allocations: 3886)


Started GET "/" for ::1 at 2019-11-03 02:49:28 +0100
  [1m[35m (0.2ms)[0m  [1m[34mSELECT sqlite_version(*)[0m
Processing by PageController#home as HTML
  Rendering page/home.html.erb within layouts/application
  Rendered page/home.html.erb within layouts/application (Duration: 1.3ms | Allocations: 145)
Completed 200 OK in 36ms (Views: 31.8ms | ActiveRecord: 0.0ms | Allocations: 4874)


Started GET "/about" for ::1 at 2019-11-03 02:49:34 +0100
Processing by PageController#about as HTML
  Rendering page/about.html.erb within layouts/application
  Rendered page/about.html.erb within layouts/application (Duration: 2.2ms | Allocations: 143)
Completed 200 OK in 38ms (Views: 36.0ms | ActiveRecord: 0.0ms | Allocations: 4122)


Started GET "/" for ::1 at 2019-11-03 02:49:37 +0100
Processing by PageController#home as HTML
  Rendering page/home.html.erb within layouts/application
  Rendered page/home.html.erb within layouts/application (Duration: 0.4ms | Allocations: 49)
Completed 200 OK in 38ms (Views: 36.2ms | ActiveRecord: 0.0ms | Allocations: 3887)


Started GET "/about" for ::1 at 2019-11-03 02:49:39 +0100
Processing by PageController#about as HTML
  Rendering page/about.html.erb within layouts/application
  Rendered page/about.html.erb within layouts/application (Duration: 0.5ms | Allocations: 46)
Completed 200 OK in 26ms (Views: 23.9ms | ActiveRecord: 0.0ms | Allocations: 3885)


Started GET "/" for ::1 at 2019-11-03 02:49:40 +0100
Processing by PageController#home as HTML
  Rendering page/home.html.erb within layouts/application
  Rendered page/home.html.erb within layouts/application (Duration: 0.4ms | Allocations: 48)
Completed 200 OK in 37ms (Views: 35.6ms | ActiveRecord: 0.0ms | Allocations: 3885)


Started GET "/about" for ::1 at 2019-11-03 02:49:41 +0100
Processing by PageController#about as HTML
  Rendering page/about.html.erb within layouts/application
  Rendered page/about.html.erb within layouts/application (Duration: 0.3ms | Allocations: 46)
Completed 200 OK in 15ms (Views: 13.1ms | ActiveRecord: 0.0ms | Allocations: 3884)


Started GET "/" for ::1 at 2019-11-03 02:49:42 +0100
Processing by PageController#home as HTML
  Rendering page/home.html.erb within layouts/application
  Rendered page/home.html.erb within layouts/application (Duration: 0.4ms | Allocations: 48)
Completed 200 OK in 36ms (Views: 29.8ms | ActiveRecord: 0.0ms | Allocations: 3886)


